<?xml version="1.0" encoding="UTF-8"?>
<testsuite name="testpackage.Testcase" tests="1" skipped="0" failures="0" errors="0" timestamp="2020-09-30T13:19:42" hostname="DESKTOP-GLMU0OT" time="0.009">
  <properties/>
  <testcase name="testArea" classname="testpackage.Testcase" time="0.009"/>
  <system-out><![CDATA[Test case test
]]></system-out>
  <system-err><![CDATA[]]></system-err>
</testsuite>
